Base path: '/home/erzyl/Unity/Hub/Editor/2020.1.0b5/Editor/Data', plugins path '/home/erzyl/Unity/Hub/Editor/2020.1.0b5/Editor/Data/PlaybackEngines'
Cmd: initializeCompiler
Cmd: compileComputeKernel
  api=18 insize=848 outsize=766 ok=1
Cmd: compileComputeKernel
  api=18 insize=3450 outsize=12229 ok=1
Cmd: compileComputeKernel
  api=18 insize=16295 outsize=110475 ok=1
Cmd: compileComputeKernel
  api=18 insize=16295 outsize=254689 ok=1
Cmd: compileComputeKernel
  api=18 insize=16295 outsize=316450 ok=1
Cmd: compileComputeKernel
  api=18 insize=21596 outsize=133465 ok=1
Cmd: compileSnippet
  api=18 type=0 insize=6914 outsize=2275 kw=_SURFACE_TYPE_TRANSPARENT _NORMALMAP_TANGENT_SPACE _BLENDMODE_ALPHA _BLENDMODE_PRESERVE_SPECULAR_LIGHTING _ENABLE_FOG_ON_TRANSPARENT pd=UNITY_ENABLE_REFLECTION_BUFFERS UNITY_USE_DITHER_MASK_FOR_ALPHABLENDED_SHADOWS UNITY_PBS_USE_BRDF1 UNITY_SPECCUBE_BOX_PROJECTION UNITY_SPECCUBE_BLENDING UNITY_ENABLE_DETAIL_NORMALMAP SHADER_API_DESKTOP UNITY_LIGHT_PROBE_PROXY_VOLUME UNITY_LIGHTMAP_FULL_HDR UNITY_PASS_SHADOWCASTER dkw=LOD_FADE_CROSSFADE INSTANCING_ON _ALPHATEST_ON _DEPTHOFFSET_ON _DOUBLESIDED_ON _VERTEX_DISPLACEMENT _PIXEL_DISPLACEMENT _VERTEX_DISPLACEMENT_LOCK_OBJECT_SCALE _DISPLACEMENT_LOCK_TILING_SCALE _PIXEL_DISPLACEMENT_LOCK_OBJECT_SCALE _REFRACTION_PLANE _REFRACTION_SPHERE _REFRACTION_THIN _EMISSIVE_MAPPING_PLANAR _EMISSIVE_MAPPING_TRIPLANAR _MAPPING_PLANAR _MAPPING_TRIPLANAR _REQUIRE_UV2 _REQUIRE_UV3 _NORMALMAP _MASKMAP _BENTNORMALMAP _EMISSIVE_COLOR_MAP _ENABLESPECULAROCCLUSION _SPECULAR_OCCLUSION_NONE _SPECULAR_OCCLUSION_FROM_BENT_NORMAL_MAP _HEIGHTMAP _TANGENTMAP _ANISOTROPYMAP _DETAIL_MAP _SUBSURFACE_MASK_MAP _THICKNESSMAP _IRIDESCENCE_THICKNESSMAP _SPECULARCOLORMAP _TRANSMITTANCECOLORMAP _DISABLE_DECALS _DISABLE_SSR _ENABLE_GEOMETRIC_SPECULAR_AA _BLENDMODE_ADD _BLENDMODE_PRE_MULTIPLY _TRANSPARENT_WRITES_MOTION_VEC _MATERIAL_FEATURE_SUBSURFACE_SCATTERING _MATERIAL_FEATURE_TRANSMISSION _MATERIAL_FEATURE_ANISOTROPY _MATERIAL_FEATURE_CLEAR_COAT _MATERIAL_FEATURE_IRIDESCENCE _MATERIAL_FEATURE_SPECULAR_COLOR _ADD_PRECOMPUTED_VELOCITY UNITY_NO_DXT5nm UNITY_NO_RGBM UNITY_USE_NATIVE_HDR UNITY_FRAMEBUFFER_FETCH_AVAILABLE UNITY_ENABLE_NATIVE_SHADOW_LOOKUPS UNITY_METAL_SHADOWS_USE_POINT_FILTERING UNITY_NO_CUBEMAP_ARRAY UNITY_NO_SCREENSPACE_SHADOWS UNITY_PBS_USE_BRDF2 UNITY_PBS_USE_BRDF3 UNITY_NO_FULL_STANDARD_SHADER SHADER_API_MOBILE UNITY_HARDWARE_TIER1 UNITY_HARDWARE_TIER2 UNITY_HARDWARE_TIER3 UNITY_COLORSPACE_GAMMA UNITY_HALF_PRECISION_FRAGMENT_SHADER_REGISTERS UNITY_LIGHTMAP_DLDR_ENCODING UNITY_LIGHTMAP_RGBM_ENCODING UNITY_VIRTUAL_TEXTURING ok=1
Cmd: compileSnippet
  api=18 type=0 insize=7409 outsize=2275 kw=_NORMALMAP_TANGENT_SPACE pd=UNITY_ENABLE_REFLECTION_BUFFERS UNITY_USE_DITHER_MASK_FOR_ALPHABLENDED_SHADOWS UNITY_PBS_USE_BRDF1 UNITY_SPECCUBE_BOX_PROJECTION UNITY_SPECCUBE_BLENDING UNITY_ENABLE_DETAIL_NORMALMAP SHADER_API_DESKTOP UNITY_LIGHT_PROBE_PROXY_VOLUME UNITY_LIGHTMAP_FULL_HDR dkw=_SURFACE_TYPE_TRANSPARENT LOD_FADE_CROSSFADE WRITE_NORMAL_BUFFER WRITE_MSAA_DEPTH INSTANCING_ON _ALPHATEST_ON _DEPTHOFFSET_ON _DOUBLESIDED_ON _VERTEX_DISPLACEMENT _PIXEL_DISPLACEMENT _VERTEX_DISPLACEMENT_LOCK_OBJECT_SCALE _DISPLACEMENT_LOCK_TILING_SCALE _PIXEL_DISPLACEMENT_LOCK_OBJECT_SCALE _REFRACTION_PLANE _REFRACTION_SPHERE _REFRACTION_THIN _EMISSIVE_MAPPING_PLANAR _EMISSIVE_MAPPING_TRIPLANAR _MAPPING_PLANAR _MAPPING_TRIPLANAR _REQUIRE_UV2 _REQUIRE_UV3 _NORMALMAP _MASKMAP _BENTNORMALMAP _EMISSIVE_COLOR_MAP _ENABLESPECULAROCCLUSION _SPECULAR_OCCLUSION_NONE _SPECULAR_OCCLUSION_FROM_BENT_NORMAL_MAP _HEIGHTMAP _TANGENTMAP _ANISOTROPYMAP _DETAIL_MAP _SUBSURFACE_MASK_MAP _THICKNESSMAP _IRIDESCENCE_THICKNESSMAP _SPECULARCOLORMAP _TRANSMITTANCECOLORMAP _DISABLE_DECALS _DISABLE_SSR _ENABLE_GEOMETRIC_SPECULAR_AA _BLENDMODE_ALPHA _BLENDMODE_ADD _BLENDMODE_PRE_MULTIPLY _BLENDMODE_PRESERVE_SPECULAR_LIGHTING _ENABLE_FOG_ON_TRANSPARENT _TRANSPARENT_WRITES_MOTION_VEC _MATERIAL_FEATURE_SUBSURFACE_SCATTERING _MATERIAL_FEATURE_TRANSMISSION _MATERIAL_FEATURE_ANISOTROPY _MATERIAL_FEATURE_CLEAR_COAT _MATERIAL_FEATURE_IRIDESCENCE _MATERIAL_FEATURE_SPECULAR_COLOR _ADD_PRECOMPUTED_VELOCITY UNITY_NO_DXT5nm UNITY_NO_RGBM UNITY_USE_NATIVE_HDR UNITY_FRAMEBUFFER_FETCH_AVAILABLE UNITY_ENABLE_NATIVE_SHADOW_LOOKUPS UNITY_METAL_SHADOWS_USE_POINT_FILTERING UNITY_NO_CUBEMAP_ARRAY UNITY_NO_SCREENSPACE_SHADOWS UNITY_PBS_USE_BRDF2 UNITY_PBS_USE_BRDF3 UNITY_NO_FULL_STANDARD_SHADER SHADER_API_MOBILE UNITY_HARDWARE_TIER1 UNITY_HARDWARE_TIER2 UNITY_HARDWARE_TIER3 UNITY_COLORSPACE_GAMMA UNITY_HALF_PRECISION_FRAGMENT_SHADER_REGISTERS UNITY_LIGHTMAP_DLDR_ENCODING UNITY_LIGHTMAP_RGBM_ENCODING UNITY_VIRTUAL_TEXTURING ok=1
Cmd: compileComputeKernel
  api=18 insize=12756 outsize=40661 ok=1
Cmd: compileComputeKernel
  api=18 insize=7840 outsize=38688 ok=1
Cmd: compileComputeKernel
  api=18 insize=3255 outsize=23272 ok=1
Cmd: compileComputeKernel
  api=18 insize=10587 outsize=19207 ok=1
Cmd: compileComputeKernel
  api=18 insize=8233 outsize=825 ok=1
Cmd: compileComputeKernel
  api=18 insize=2307 outsize=11887 ok=1
Cmd: compileComputeKernel
  api=18 insize=13959 outsize=13603 ok=1
Cmd: compileComputeKernel
  api=18 insize=6119 outsize=17861 ok=1
Cmd: compileComputeKernel
  api=18 insize=17994 outsize=43271 ok=1
Cmd: compileComputeKernel
  api=18 insize=3450 outsize=12200 ok=1
Cmd: compileComputeKernel
  api=18 insize=2557 outsize=2505 ok=1
Cmd: compileComputeKernel
  api=18 insize=4823 outsize=2562 ok=1
Cmd: compileComputeKernel
  api=18 insize=4823 outsize=2641 ok=1
Cmd: compileComputeKernel
  api=18 insize=6745 outsize=3423 ok=1
Cmd: compileComputeKernel
  api=18 insize=6745 outsize=12762 ok=1
Cmd: compileComputeKernel
  api=18 insize=6745 outsize=2995 ok=1
Cmd: compileComputeKernel
  api=18 insize=6745 outsize=13069 ok=1
Cmd: compileComputeKernel
  api=18 insize=9809 outsize=40069 ok=1
Cmd: compileComputeKernel
  api=18 insize=9809 outsize=26897 ok=1
Cmd: compileComputeKernel
  api=18 insize=9809 outsize=31068 ok=1
Cmd: compileComputeKernel
  api=18 insize=16295 outsize=448026 ok=1
Cmd: compileComputeKernel
  api=18 insize=16295 outsize=228450 ok=1
Unhandled exception: Protocol error - unexpected end of data (did the Editor crash?)

Quitting shader compiler process
