Base path: 'C:/Program Files/Unity/Hub/Editor/2019.3.0f5/Editor/Data', plugins path 'C:/Program Files/Unity/Hub/Editor/2019.3.0f5/Editor/Data/PlaybackEngines'
Cmd: initializeCompiler
Cmd: compileComputeKernel
  api=4 insize=20657 outsize=27115 ok=1
Cmd: compileComputeKernel
  api=4 insize=4415 outsize=3183 ok=1
Cmd: compileComputeKernel
  api=4 insize=8413 outsize=6417 ok=1
Cmd: compileComputeKernel
  api=4 insize=21900 outsize=21741 ok=1
Cmd: compileComputeKernel
  api=4 insize=17611 outsize=8303 ok=1
Cmd: compileComputeKernel
  api=4 insize=3907 outsize=677 ok=1
Cmd: compileComputeKernel
  api=4 insize=5756 outsize=5733 ok=1
Cmd: compileComputeKernel
  api=4 insize=631 outsize=741 ok=1
Cmd: compileComputeKernel
  api=4 insize=10150 outsize=741544 ok=1
Cmd: compileComputeKernel
  api=4 insize=10610 outsize=4192 ok=1
Cmd: compileComputeKernel
  api=4 insize=10610 outsize=665 ok=1
Cmd: compileComputeKernel
  api=4 insize=39449 outsize=34078 ok=1
Cmd: compileComputeKernel
  api=4 insize=39449 outsize=1522 ok=1
Cmd: compileComputeKernel
  api=4 insize=39449 outsize=37811 ok=1
Cmd: compileComputeKernel
  api=4 insize=39449 outsize=36296 ok=1
Cmd: compileComputeKernel
  api=4 insize=8319 outsize=1015 ok=1
Cmd: compileComputeKernel
  api=4 insize=21755 outsize=14637 ok=1
Cmd: compileComputeKernel
  api=4 insize=11234 outsize=2826 ok=1
Cmd: compileComputeKernel
  api=4 insize=3632 outsize=1059 ok=1
Cmd: compileComputeKernel
  api=4 insize=8666 outsize=6537 ok=1
Cmd: compileComputeKernel
  api=4 insize=7618 outsize=7901 ok=1
Cmd: compileComputeKernel
  api=4 insize=7985 outsize=532 ok=1
Cmd: compileComputeKernel
  api=4 insize=7985 outsize=317 ok=1
Cmd: compileComputeKernel
  api=4 insize=19625 outsize=2349 ok=1
Cmd: compileComputeKernel
  api=4 insize=5043 outsize=1174 ok=1
Cmd: compileComputeKernel
  api=4 insize=5043 outsize=3022 ok=1
Cmd: compileComputeKernel
  api=4 insize=9217 outsize=7354 ok=1
Cmd: compileComputeKernel
  api=4 insize=8350 outsize=2926 ok=1
Cmd: compileRayTracingShader
  api=4 insize=10959 outsize=27261 ok=1
Cmd: compileRayTracingShader
  api=4 insize=20007 outsize=37383 ok=1
Cmd: compileComputeKernel
  api=4 insize=11240 outsize=5613 ok=1
Cmd: compileComputeKernel
  api=4 insize=25900 outsize=15619 ok=1
Cmd: compileComputeKernel
  api=4 insize=15581 outsize=111785 ok=1
Cmd: compileComputeKernel
  api=4 insize=15581 outsize=69912 ok=1
Cmd: compileComputeKernel
  api=4 insize=15581 outsize=65042 ok=1
Cmd: compileComputeKernel
  api=4 insize=15581 outsize=46061 ok=1
Cmd: compileComputeKernel
  api=4 insize=15581 outsize=36968 ok=1
Cmd: compileComputeKernel
  api=4 insize=15581 outsize=49139 ok=1
Cmd: compileComputeKernel
  api=4 insize=15581 outsize=78284 ok=1
Cmd: compileComputeKernel
  api=4 insize=26408 outsize=3476 ok=1
Cmd: compileComputeKernel
  api=4 insize=1929 outsize=1220 ok=1
Cmd: compileComputeKernel
  api=4 insize=3383 outsize=2127 ok=1
Cmd: compileComputeKernel
  api=4 insize=10769 outsize=9644 ok=1
Cmd: compileSnippet
  api=4 type=1 insize=7724 outsize=9830 kw=DECALS_3RT _NORMALMAP_TANGENT_SPACE _NORMALMAP _MASKMAP _EMISSIVE_COLOR_MAP _SPECULARCOLORMAP _MATERIAL_FEATURE_SPECULAR_COLOR pd=UNITY_ENABLE_REFLECTION_BUFFERS UNITY_USE_DITHER_MASK_FOR_ALPHABLENDED_SHADOWS UNITY_PBS_USE_BRDF1 UNITY_SPECCUBE_BOX_PROJECTION UNITY_SPECCUBE_BLENDING UNITY_ENABLE_DETAIL_NORMALMAP SHADER_API_DESKTOP UNITY_LIGHT_PROBE_PROXY_VOLUME UNITY_LIGHTMAP_FULL_HDR ok=1
Cmd: compileSnippet
  api=4 type=1 insize=7147 outsize=562 kw=UNITY_PASS_MOTIONVECTORS _NORMALMAP_TANGENT_SPACE _NORMALMAP _MASKMAP _EMISSIVE_COLOR_MAP _SPECULARCOLORMAP _MATERIAL_FEATURE_SPECULAR_COLOR pd=UNITY_ENABLE_REFLECTION_BUFFERS UNITY_USE_DITHER_MASK_FOR_ALPHABLENDED_SHADOWS UNITY_PBS_USE_BRDF1 UNITY_SPECCUBE_BOX_PROJECTION UNITY_SPECCUBE_BLENDING UNITY_ENABLE_DETAIL_NORMALMAP SHADER_API_DESKTOP UNITY_LIGHT_PROBE_PROXY_VOLUME UNITY_LIGHTMAP_FULL_HDR ok=1
Cmd: initializeCompiler
Cmd: compileComputeKernel
  api=4 insize=16804 outsize=9901 ok=1
Cmd: compileComputeKernel
  api=4 insize=21138 outsize=27115 ok=1
Cmd: compileComputeKernel
  api=4 insize=10288 outsize=3236 ok=1
Cmd: compileComputeKernel
  api=4 insize=4528 outsize=695 ok=1
Cmd: compileComputeKernel
  api=4 insize=8630 outsize=5302 ok=1
Cmd: compileComputeKernel
  api=4 insize=4026 outsize=2751 ok=1
Cmd: compileComputeKernel
  api=4 insize=5899 outsize=6007 ok=1
Cmd: compileComputeKernel
  api=4 insize=1372 outsize=666 ok=1
Cmd: compileComputeKernel
  api=4 insize=650 outsize=741 ok=1
Cmd: compileRayTracingShader
  api=4 insize=5209 outsize=20715 ok=1
Cmd: compileComputeKernel
  api=4 insize=2673 outsize=2186 ok=1
Cmd: compileComputeKernel
  api=4 insize=2605 outsize=869 ok=1
Cmd: compileComputeKernel
  api=4 insize=10384 outsize=743141 ok=1
Cmd: compileComputeKernel
  api=4 insize=10868 outsize=4534 ok=1
Cmd: compileComputeKernel
  api=4 insize=40246 outsize=37811 ok=1
Cmd: compileComputeKernel
  api=4 insize=40246 outsize=36296 ok=1
Cmd: compileComputeKernel
  api=4 insize=40246 outsize=36296 ok=1
Cmd: compileComputeKernel
  api=4 insize=8511 outsize=984 ok=1
Cmd: compileComputeKernel
  api=4 insize=1113 outsize=543 ok=1
Cmd: compileComputeKernel
  api=4 insize=22295 outsize=15906 ok=1
Cmd: compileComputeKernel
  api=4 insize=11494 outsize=3294 ok=1
Cmd: compileComputeKernel
  api=4 insize=3718 outsize=1059 ok=1
Cmd: compileComputeKernel
  api=4 insize=9134 outsize=7844 ok=1
Cmd: compileComputeKernel
  api=4 insize=7841 outsize=7213 ok=1
Cmd: compileComputeKernel
  api=4 insize=8233 outsize=532 ok=1
Cmd: compileComputeKernel
  api=4 insize=20116 outsize=788 ok=1
Cmd: compileComputeKernel
  api=4 insize=20116 outsize=798 ok=1
Cmd: compileComputeKernel
  api=4 insize=5168 outsize=1297 ok=1
Cmd: compileComputeKernel
  api=4 insize=5168 outsize=1174 ok=1
Cmd: compileComputeKernel
  api=4 insize=8512 outsize=2926 ok=1
Cmd: compileRayTracingShader
  api=4 insize=11187 outsize=27261 ok=1
Cmd: compileComputeKernel
  api=4 insize=10338 outsize=4225 ok=1
Cmd: compileComputeKernel
  api=4 insize=26542 outsize=16121 ok=1
Cmd: compileComputeKernel
  api=4 insize=15784 outsize=65042 ok=1
Cmd: compileComputeKernel
  api=4 insize=15784 outsize=75995 ok=1
Cmd: compileComputeKernel
  api=4 insize=15784 outsize=39461 ok=1
Cmd: compileComputeKernel
  api=4 insize=15784 outsize=51753 ok=1
Cmd: compileComputeKernel
  api=4 insize=15784 outsize=47359 ok=1
Cmd: compileComputeKernel
  api=4 insize=15784 outsize=76464 ok=1
Cmd: compileComputeKernel
  api=4 insize=15784 outsize=43717 ok=1
Cmd: compileComputeKernel
  api=4 insize=15784 outsize=35045 ok=1
Cmd: compileComputeKernel
  api=4 insize=15784 outsize=47770 ok=1
Cmd: compileComputeKernel
  api=4 insize=6258 outsize=4935 ok=1
Cmd: compileComputeKernel
  api=4 insize=3697 outsize=4319 ok=1
Cmd: compileComputeKernel
  api=4 insize=26999 outsize=25569 ok=1
Cmd: compileComputeKernel
  api=4 insize=2557 outsize=562 ok=1
Cmd: compileComputeKernel
  api=4 insize=3916 outsize=1613 ok=1
Cmd: compileComputeKernel
  api=4 insize=12177 outsize=1172 ok=1
Cmd: compileComputeKernel
  api=4 insize=3371 outsize=3826 ok=1
Cmd: compileComputeKernel
  api=4 insize=11069 outsize=9126 ok=1
Cmd: compileComputeKernel
  api=4 insize=3447 outsize=2137 ok=1
Cmd: compileComputeKernel
  api=4 insize=7589 outsize=6586 ok=1
Cmd: compileComputeKernel
  api=4 insize=12756 outsize=9897 ok=1
Cmd: compileComputeKernel
  api=4 insize=13940 outsize=2094 ok=1
Cmd: compileComputeKernel
  api=4 insize=11045 outsize=3175 ok=1
Cmd: compileSnippet
  api=4 type=1 insize=7868 outsize=9830 kw=DECALS_3RT _NORMALMAP_TANGENT_SPACE _NORMALMAP _MASKMAP _EMISSIVE_COLOR_MAP _SPECULARCOLORMAP _MATERIAL_FEATURE_SPECULAR_COLOR pd=UNITY_ENABLE_REFLECTION_BUFFERS UNITY_USE_DITHER_MASK_FOR_ALPHABLENDED_SHADOWS UNITY_PBS_USE_BRDF1 UNITY_SPECCUBE_BOX_PROJECTION UNITY_SPECCUBE_BLENDING UNITY_ENABLE_DETAIL_NORMALMAP SHADER_API_DESKTOP UNITY_LIGHT_PROBE_PROXY_VOLUME UNITY_LIGHTMAP_FULL_HDR ok=1
Cmd: compileSnippet
  api=4 type=1 insize=7278 outsize=562 kw=UNITY_PASS_MOTIONVECTORS _NORMALMAP_TANGENT_SPACE _NORMALMAP _MASKMAP _EMISSIVE_COLOR_MAP _SPECULARCOLORMAP _MATERIAL_FEATURE_SPECULAR_COLOR pd=UNITY_ENABLE_REFLECTION_BUFFERS UNITY_USE_DITHER_MASK_FOR_ALPHABLENDED_SHADOWS UNITY_PBS_USE_BRDF1 UNITY_SPECCUBE_BOX_PROJECTION UNITY_SPECCUBE_BLENDING UNITY_ENABLE_DETAIL_NORMALMAP SHADER_API_DESKTOP UNITY_LIGHT_PROBE_PROXY_VOLUME UNITY_LIGHTMAP_FULL_HDR ok=1
Cmd: compileSnippet
  api=4 type=0 insize=6897 outsize=1034 kw=UNITY_PASS_SHADOWCASTER _ALPHATEST_ON _NORMALMAP_TANGENT_SPACE pd=UNITY_ENABLE_REFLECTION_BUFFERS UNITY_USE_DITHER_MASK_FOR_ALPHABLENDED_SHADOWS UNITY_PBS_USE_BRDF1 UNITY_SPECCUBE_BOX_PROJECTION UNITY_SPECCUBE_BLENDING UNITY_ENABLE_DETAIL_NORMALMAP SHADER_API_DESKTOP UNITY_LIGHT_PROBE_PROXY_VOLUME UNITY_LIGHTMAP_FULL_HDR ok=1
Cmd: compileSnippet
  api=4 type=1 insize=7868 outsize=9570 kw=DECALS_3RT _NORMALMAP_TANGENT_SPACE _NORMALMAP _MASKMAP pd=UNITY_ENABLE_REFLECTION_BUFFERS UNITY_USE_DITHER_MASK_FOR_ALPHABLENDED_SHADOWS UNITY_PBS_USE_BRDF1 UNITY_SPECCUBE_BOX_PROJECTION UNITY_SPECCUBE_BLENDING UNITY_ENABLE_DETAIL_NORMALMAP SHADER_API_DESKTOP UNITY_LIGHT_PROBE_PROXY_VOLUME UNITY_LIGHTMAP_FULL_HDR ok=1
Cmd: initializeCompiler
Cmd: compileComputeKernel
  api=4 insize=21138 outsize=27115 ok=1
Cmd: compileComputeKernel
  api=4 insize=7570 outsize=583 ok=1
Cmd: compileComputeKernel
  api=4 insize=10288 outsize=3236 ok=1
Cmd: compileComputeKernel
  api=4 insize=15915 outsize=2847 ok=1
Cmd: compileComputeKernel
  api=4 insize=4528 outsize=695 ok=1
Cmd: compileRayTracingShader
  api=4 insize=5346 outsize=22137 ok=1
Cmd: compileComputeKernel
  api=4 insize=4026 outsize=2830 ok=1
Cmd: compileComputeKernel
  api=4 insize=2605 outsize=935 ok=1
Cmd: compileComputeKernel
  api=4 insize=10384 outsize=741074 ok=1
Cmd: compileComputeKernel
  api=4 insize=10868 outsize=4491 ok=1
Cmd: compileComputeKernel
  api=4 insize=40246 outsize=34940 ok=1
Cmd: compileComputeKernel
  api=4 insize=40246 outsize=39367 ok=1
Cmd: compileComputeKernel
  api=4 insize=40246 outsize=39367 ok=1
Cmd: compileComputeKernel
  api=4 insize=8511 outsize=6725 ok=1
Cmd: compileComputeKernel
  api=4 insize=22295 outsize=15194 ok=1
Cmd: compileComputeKernel
  api=4 insize=11494 outsize=4113 ok=1
Cmd: compileComputeKernel
  api=4 insize=20116 outsize=5238 ok=1
Cmd: compileComputeKernel
  api=4 insize=5168 outsize=898 ok=1
Cmd: compileComputeKernel
  api=4 insize=5168 outsize=4889 ok=1
Cmd: compileComputeKernel
  api=4 insize=9410 outsize=8174 ok=1
Cmd: compileComputeKernel
  api=4 insize=8512 outsize=2100 ok=1
Cmd: compileComputeKernel
  api=4 insize=26542 outsize=15695 ok=1
Cmd: compileComputeKernel
  api=4 insize=26542 outsize=15879 ok=1
Cmd: compileComputeKernel
  api=4 insize=15784 outsize=14055 ok=1
Cmd: compileComputeKernel
  api=4 insize=15784 outsize=39970 ok=1
Cmd: compileComputeKernel
  api=4 insize=15784 outsize=44207 ok=1
Cmd: compileComputeKernel
  api=4 insize=15784 outsize=45543 ok=1
Cmd: compileComputeKernel
  api=4 insize=15784 outsize=95512 ok=1
Cmd: compileComputeKernel
  api=4 insize=15784 outsize=14055 ok=1
Cmd: compileComputeKernel
  api=4 insize=15784 outsize=22534 ok=1
Cmd: compileComputeKernel
  api=4 insize=15784 outsize=64144 ok=1
Cmd: compileComputeKernel
  api=4 insize=15784 outsize=34046 ok=1
Cmd: compileComputeKernel
  api=4 insize=15784 outsize=33162 ok=1
Cmd: compileComputeKernel
  api=4 insize=15784 outsize=22545 ok=1
Cmd: compileComputeKernel
  api=4 insize=15784 outsize=66593 ok=1
Cmd: compileComputeKernel
  api=4 insize=15784 outsize=69074 ok=1
Cmd: compileComputeKernel
  api=4 insize=6258 outsize=4935 ok=1
Cmd: compileComputeKernel
  api=4 insize=5893 outsize=7136 ok=1
Cmd: compileComputeKernel
  api=4 insize=26999 outsize=6006 ok=1
Cmd: compileComputeKernel
  api=4 insize=12177 outsize=1172 ok=1
Cmd: compileComputeKernel
  api=4 insize=11069 outsize=9126 ok=1
Cmd: compileComputeKernel
  api=4 insize=3447 outsize=2127 ok=1
Cmd: compileComputeKernel
  api=4 insize=13940 outsize=2094 ok=1
Cmd: compileComputeKernel
  api=4 insize=11045 outsize=9644 ok=1
Cmd: compileSnippet
  api=4 type=0 insize=7868 outsize=1726 kw=DECALS_3RT _NORMALMAP_TANGENT_SPACE _NORMALMAP _MASKMAP _EMISSIVE_COLOR_MAP _SPECULARCOLORMAP _MATERIAL_FEATURE_SPECULAR_COLOR pd=UNITY_ENABLE_REFLECTION_BUFFERS UNITY_USE_DITHER_MASK_FOR_ALPHABLENDED_SHADOWS UNITY_PBS_USE_BRDF1 UNITY_SPECCUBE_BOX_PROJECTION UNITY_SPECCUBE_BLENDING UNITY_ENABLE_DETAIL_NORMALMAP SHADER_API_DESKTOP UNITY_LIGHT_PROBE_PROXY_VOLUME UNITY_LIGHTMAP_FULL_HDR ok=1
Cmd: compileSnippet
  api=4 type=1 insize=7278 outsize=562 kw=UNITY_PASS_MOTIONVECTORS _NORMALMAP_TANGENT_SPACE pd=UNITY_ENABLE_REFLECTION_BUFFERS UNITY_USE_DITHER_MASK_FOR_ALPHABLENDED_SHADOWS UNITY_PBS_USE_BRDF1 UNITY_SPECCUBE_BOX_PROJECTION UNITY_SPECCUBE_BLENDING UNITY_ENABLE_DETAIL_NORMALMAP SHADER_API_DESKTOP UNITY_LIGHT_PROBE_PROXY_VOLUME UNITY_LIGHTMAP_FULL_HDR ok=1
Cmd: compileSnippet
  api=4 type=0 insize=7392 outsize=810 kw=_NORMALMAP_TANGENT_SPACE _NORMALMAP _MASKMAP pd=UNITY_ENABLE_REFLECTION_BUFFERS UNITY_USE_DITHER_MASK_FOR_ALPHABLENDED_SHADOWS UNITY_PBS_USE_BRDF1 UNITY_SPECCUBE_BOX_PROJECTION UNITY_SPECCUBE_BLENDING UNITY_ENABLE_DETAIL_NORMALMAP SHADER_API_DESKTOP UNITY_LIGHT_PROBE_PROXY_VOLUME UNITY_LIGHTMAP_FULL_HDR ok=1
Cmd: compileSnippet
  api=4 type=6 insize=8370 outsize=117146 kw=DIFFUSE_LIGHTING_ONLY MULTI_BOUNCE_INDIRECT _NORMALMAP_TANGENT_SPACE _NORMALMAP _MASKMAP _EMISSIVE_COLOR_MAP _SPECULARCOLORMAP _MATERIAL_FEATURE_SPECULAR_COLOR pd=UNITY_ENABLE_REFLECTION_BUFFERS UNITY_USE_DITHER_MASK_FOR_ALPHABLENDED_SHADOWS UNITY_PBS_USE_BRDF1 UNITY_SPECCUBE_BOX_PROJECTION UNITY_SPECCUBE_BLENDING UNITY_ENABLE_DETAIL_NORMALMAP SHADER_API_DESKTOP UNITY_LIGHT_PROBE_PROXY_VOLUME UNITY_LIGHTMAP_FULL_HDR ok=1
Cmd: compileSnippet
  api=4 type=1 insize=8936 outsize=93550 kw=DECALS_3RT SHADOW_LOW USE_CLUSTERED_LIGHTLIST DEBUG_DISPLAY _NORMALMAP_TANGENT_SPACE _NORMALMAP _MASKMAP _EMISSIVE_COLOR_MAP _SPECULARCOLORMAP _MATERIAL_FEATURE_SPECULAR_COLOR pd=UNITY_ENABLE_REFLECTION_BUFFERS UNITY_USE_DITHER_MASK_FOR_ALPHABLENDED_SHADOWS UNITY_PBS_USE_BRDF1 UNITY_SPECCUBE_BOX_PROJECTION UNITY_SPECCUBE_BLENDING UNITY_ENABLE_DETAIL_NORMALMAP SHADER_API_DESKTOP UNITY_LIGHT_PROBE_PROXY_VOLUME UNITY_LIGHTMAP_FULL_HDR ok=1
