Base path: '/home/erzyl/Unity/Hub/Editor/2020.1.0b5/Editor/Data', plugins path '/home/erzyl/Unity/Hub/Editor/2020.1.0b5/Editor/Data/PlaybackEngines'
Cmd: initializeCompiler
Cmd: compileComputeKernel
  api=18 insize=3922 outsize=18212 ok=1
Cmd: compileComputeKernel
  api=18 insize=16295 outsize=197888 ok=1
Cmd: compileComputeKernel
  api=18 insize=16295 outsize=171842 ok=1
Cmd: compileComputeKernel
  api=18 insize=16295 outsize=206901 ok=1
Cmd: compileComputeKernel
  api=18 insize=16295 outsize=173534 ok=1
Cmd: compileComputeKernel
  api=18 insize=16295 outsize=310354 ok=1
Cmd: compileSnippet
  api=18 type=0 insize=7885 outsize=13605 kw=LIGHTMAP_ON DIRLIGHTMAP_COMBINED DECALS_3RT _NORMALMAP_TANGENT_SPACE _NORMALMAP _MASKMAP pd=UNITY_ENABLE_REFLECTION_BUFFERS UNITY_USE_DITHER_MASK_FOR_ALPHABLENDED_SHADOWS UNITY_PBS_USE_BRDF1 UNITY_SPECCUBE_BOX_PROJECTION UNITY_SPECCUBE_BLENDING UNITY_ENABLE_DETAIL_NORMALMAP SHADER_API_DESKTOP UNITY_LIGHT_PROBE_PROXY_VOLUME UNITY_LIGHTMAP_FULL_HDR dkw=_SURFACE_TYPE_TRANSPARENT LOD_FADE_CROSSFADE DEBUG_DISPLAY DYNAMICLIGHTMAP_ON SHADOWS_SHADOWMASK DECALS_OFF DECALS_4RT LIGHT_LAYERS INSTANCING_ON _ALPHATEST_ON _DEPTHOFFSET_ON _DOUBLESIDED_ON _VERTEX_DISPLACEMENT _PIXEL_DISPLACEMENT _VERTEX_DISPLACEMENT_LOCK_OBJECT_SCALE _DISPLACEMENT_LOCK_TILING_SCALE _PIXEL_DISPLACEMENT_LOCK_OBJECT_SCALE _REFRACTION_PLANE _REFRACTION_SPHERE _REFRACTION_THIN _EMISSIVE_MAPPING_PLANAR _EMISSIVE_MAPPING_TRIPLANAR _MAPPING_PLANAR _MAPPING_TRIPLANAR _REQUIRE_UV2 _REQUIRE_UV3 _BENTNORMALMAP _EMISSIVE_COLOR_MAP _ENABLESPECULAROCCLUSION _SPECULAR_OCCLUSION_NONE _SPECULAR_OCCLUSION_FROM_BENT_NORMAL_MAP _HEIGHTMAP _TANGENTMAP _ANISOTROPYMAP _DETAIL_MAP _SUBSURFACE_MASK_MAP _THICKNESSMAP _IRIDESCENCE_THICKNESSMAP _SPECULARCOLORMAP _TRANSMITTANCECOLORMAP _DISABLE_DECALS _DISABLE_SSR _ENABLE_GEOMETRIC_SPECULAR_AA _BLENDMODE_ALPHA _BLENDMODE_ADD _BLENDMODE_PRE_MULTIPLY _BLENDMODE_PRESERVE_SPECULAR_LIGHTING _ENABLE_FOG_ON_TRANSPARENT _TRANSPARENT_WRITES_MOTION_VEC _MATERIAL_FEATURE_SUBSURFACE_SCATTERING _MATERIAL_FEATURE_TRANSMISSION _MATERIAL_FEATURE_ANISOTROPY _MATERIAL_FEATURE_CLEAR_COAT _MATERIAL_FEATURE_IRIDESCENCE _MATERIAL_FEATURE_SPECULAR_COLOR _ADD_PRECOMPUTED_VELOCITY UNITY_NO_DXT5nm UNITY_NO_RGBM UNITY_USE_NATIVE_HDR UNITY_FRAMEBUFFER_FETCH_AVAILABLE UNITY_ENABLE_NATIVE_SHADOW_LOOKUPS UNITY_METAL_SHADOWS_USE_POINT_FILTERING UNITY_NO_CUBEMAP_ARRAY UNITY_NO_SCREENSPACE_SHADOWS UNITY_PBS_USE_BRDF2 UNITY_PBS_USE_BRDF3 UNITY_NO_FULL_STANDARD_SHADER SHADER_API_MOBILE UNITY_HARDWARE_TIER1 UNITY_HARDWARE_TIER2 UNITY_HARDWARE_TIER3 UNITY_COLORSPACE_GAMMA UNITY_HALF_PRECISION_FRAGMENT_SHADER_REGISTERS UNITY_LIGHTMAP_DLDR_ENCODING UNITY_LIGHTMAP_RGBM_ENCODING UNITY_VIRTUAL_TEXTURING ok=1
Cmd: compileComputeKernel
  api=18 insize=9615 outsize=1775 ok=1
Cmd: compileComputeKernel
  api=18 insize=9809 outsize=27581 ok=1
Cmd: compileComputeKernel
  api=18 insize=10587 outsize=13301 ok=1
Cmd: compileComputeKernel
  api=18 insize=2770 outsize=12120 ok=1
Cmd: compileComputeKernel
  api=18 insize=13959 outsize=15038 ok=1
Cmd: compileComputeKernel
  api=18 insize=6119 outsize=16336 ok=1
Cmd: compileComputeKernel
  api=18 insize=704 outsize=10290 ok=1
Cmd: compileComputeKernel
  api=18 insize=3450 outsize=12524 ok=1
Cmd: compileComputeKernel
  api=18 insize=3450 outsize=12200 ok=1
Cmd: compileComputeKernel
  api=18 insize=3012 outsize=7876 ok=1
Cmd: compileComputeKernel
  api=18 insize=3745 outsize=17739 ok=1
Cmd: compileComputeKernel
  api=18 insize=4823 outsize=2559 ok=1
Cmd: compileComputeKernel
  api=18 insize=4823 outsize=2690 ok=1
Cmd: compileComputeKernel
  api=18 insize=6745 outsize=3856 ok=1
Cmd: compileComputeKernel
  api=18 insize=6745 outsize=13626 ok=1
Cmd: compileComputeKernel
  api=18 insize=6745 outsize=4930 ok=1
Cmd: compileComputeKernel
  api=18 insize=6745 outsize=14424 ok=1
Cmd: compileComputeKernel
  api=18 insize=9809 outsize=28035 ok=1
Cmd: compileComputeKernel
  api=18 insize=9809 outsize=39844 ok=1
Cmd: compileComputeKernel
  api=18 insize=16425 outsize=19239 ok=1
Cmd: compileSnippet
  api=18 type=0 insize=6302 outsize=7423 kw= pd=UNITY_ENABLE_REFLECTION_BUFFERS UNITY_USE_DITHER_MASK_FOR_ALPHABLENDED_SHADOWS UNITY_PBS_USE_BRDF1 UNITY_SPECCUBE_BOX_PROJECTION UNITY_SPECCUBE_BLENDING UNITY_ENABLE_DETAIL_NORMALMAP SHADER_API_DESKTOP UNITY_LIGHT_PROBE_PROXY_VOLUME UNITY_LIGHTMAP_FULL_HDR dkw=ORTHOGRAPHIC REDUCED_HISTORY_CONTRIB ENABLE_ALPHA UNITY_NO_DXT5nm UNITY_NO_RGBM UNITY_USE_NATIVE_HDR UNITY_FRAMEBUFFER_FETCH_AVAILABLE UNITY_ENABLE_NATIVE_SHADOW_LOOKUPS UNITY_METAL_SHADOWS_USE_POINT_FILTERING UNITY_NO_CUBEMAP_ARRAY UNITY_NO_SCREENSPACE_SHADOWS UNITY_PBS_USE_BRDF2 UNITY_PBS_USE_BRDF3 UNITY_NO_FULL_STANDARD_SHADER SHADER_API_MOBILE UNITY_HARDWARE_TIER1 UNITY_HARDWARE_TIER2 UNITY_HARDWARE_TIER3 UNITY_COLORSPACE_GAMMA UNITY_HALF_PRECISION_FRAGMENT_SHADER_REGISTERS UNITY_LIGHTMAP_DLDR_ENCODING UNITY_LIGHTMAP_RGBM_ENCODING UNITY_VIRTUAL_TEXTURING ok=1
Cmd: compileComputeKernel
  api=18 insize=16295 outsize=182855 ok=1
Cmd: compileComputeKernel
  api=18 insize=16295 outsize=262426 ok=1
Unhandled exception: Protocol error - unexpected end of data (did the Editor crash?)

Quitting shader compiler process
