Base path: 'C:/Program Files/Unity/Hub/Editor/2019.3.0f5/Editor/Data', plugins path 'C:/Program Files/Unity/Hub/Editor/2019.3.0f5/Editor/Data/PlaybackEngines'
Cmd: initializeCompiler
Cmd: compileComputeKernel
  api=4 insize=8413 outsize=5302 ok=1
Cmd: compileComputeKernel
  api=4 insize=17611 outsize=7462 ok=1
Cmd: compileComputeKernel
  api=4 insize=3907 outsize=677 ok=1
Cmd: compileComputeKernel
  api=4 insize=5756 outsize=6007 ok=1
Cmd: compileComputeKernel
  api=4 insize=10150 outsize=733054 ok=1
Cmd: compileComputeKernel
  api=4 insize=10610 outsize=4491 ok=1
Cmd: compileComputeKernel
  api=4 insize=39449 outsize=34940 ok=1
Cmd: compileComputeKernel
  api=4 insize=39449 outsize=40233 ok=1
Cmd: compileComputeKernel
  api=4 insize=8319 outsize=6725 ok=1
Cmd: compileComputeKernel
  api=4 insize=1088 outsize=543 ok=1
Cmd: compileComputeKernel
  api=4 insize=21755 outsize=15349 ok=1
Cmd: compileComputeKernel
  api=4 insize=11234 outsize=257 ok=1
Cmd: compileComputeKernel
  api=4 insize=3632 outsize=1426 ok=1
Cmd: compileComputeKernel
  api=4 insize=19625 outsize=785 ok=1
Cmd: compileComputeKernel
  api=4 insize=5043 outsize=1297 ok=1
Cmd: compileComputeKernel
  api=4 insize=25900 outsize=324 ok=1
Cmd: compileComputeKernel
  api=4 insize=15581 outsize=15310 ok=1
Cmd: compileComputeKernel
  api=4 insize=15581 outsize=55102 ok=1
Cmd: compileComputeKernel
  api=4 insize=15581 outsize=66853 ok=1
Cmd: compileComputeKernel
  api=4 insize=15581 outsize=32310 ok=1
Cmd: compileComputeKernel
  api=4 insize=15581 outsize=48589 ok=1
Cmd: compileComputeKernel
  api=4 insize=15581 outsize=34775 ok=1
Cmd: compileComputeKernel
  api=4 insize=3676 outsize=3172 ok=1
Cmd: compileComputeKernel
  api=4 insize=26408 outsize=3476 ok=1
Cmd: compileComputeKernel
  api=4 insize=2512 outsize=757 ok=1
Cmd: compileComputeKernel
  api=4 insize=3617 outsize=2513 ok=1
Cmd: compileComputeKernel
  api=4 insize=7401 outsize=1128 ok=1
Cmd: compileSnippet
  api=4 type=1 insize=731 outsize=574 kw=ETC1_EXTERNAL_ALPHA pd=UNITY_ENABLE_REFLECTION_BUFFERS UNITY_USE_DITHER_MASK_FOR_ALPHABLENDED_SHADOWS UNITY_PBS_USE_BRDF1 UNITY_SPECCUBE_BOX_PROJECTION UNITY_SPECCUBE_BLENDING UNITY_ENABLE_DETAIL_NORMALMAP SHADER_API_DESKTOP UNITY_LIGHT_PROBE_PROXY_VOLUME UNITY_LIGHTMAP_FULL_HDR ok=1
