Base path: 'C:/Program Files/Unity/Hub/Editor/2019.3.0f5/Editor/Data', plugins path 'C:/Program Files/Unity/Hub/Editor/2019.3.0f5/Editor/Data/PlaybackEngines'
Cmd: initializeCompiler
Cmd: compileComputeKernel
  api=4 insize=9998 outsize=3182 ok=1
Cmd: compileComputeKernel
  api=4 insize=4415 outsize=3183 ok=1
Cmd: compileComputeKernel
  api=4 insize=8413 outsize=5041 ok=1
Cmd: compileComputeKernel
  api=4 insize=10610 outsize=4534 ok=1
Cmd: compileComputeKernel
  api=4 insize=39449 outsize=36296 ok=1
Cmd: compileComputeKernel
  api=4 insize=39449 outsize=1522 ok=1
Cmd: compileComputeKernel
  api=4 insize=8898 outsize=7844 ok=1
Cmd: compileComputeKernel
  api=4 insize=7618 outsize=7800 ok=1
Cmd: compileComputeKernel
  api=4 insize=19625 outsize=798 ok=1
Cmd: compileComputeKernel
  api=4 insize=4907 outsize=2350 ok=1
Cmd: compileComputeKernel
  api=4 insize=5043 outsize=899 ok=1
Cmd: compileComputeKernel
  api=4 insize=10018 outsize=3581 ok=1
Cmd: compileComputeKernel
  api=4 insize=25900 outsize=15879 ok=1
Cmd: compileComputeKernel
  api=4 insize=15581 outsize=93188 ok=1
Cmd: compileComputeKernel
  api=4 insize=15581 outsize=43283 ok=1
Cmd: compileComputeKernel
  api=4 insize=15581 outsize=34695 ok=1
Cmd: compileComputeKernel
  api=4 insize=15581 outsize=47220 ok=1
Cmd: compileComputeKernel
  api=4 insize=6113 outsize=4935 ok=1
Cmd: compileComputeKernel
  api=4 insize=26408 outsize=25569 ok=1
Cmd: compileComputeKernel
  api=4 insize=1929 outsize=2732 ok=1
Cmd: compileComputeKernel
  api=4 insize=5898 outsize=9170 ok=1
Cmd: compileComputeKernel
  api=4 insize=3617 outsize=2561 ok=1
Cmd: compileComputeKernel
  api=4 insize=3278 outsize=3826 ok=1
Cmd: compileComputeKernel
  api=4 insize=13580 outsize=3986 ok=1
Cmd: compileComputeKernel
  api=4 insize=4996 outsize=88949 ok=1
Cmd: compileSnippet
  api=4 type=0 insize=2295 outsize=858 kw= pd=UNITY_ENABLE_REFLECTION_BUFFERS UNITY_USE_DITHER_MASK_FOR_ALPHABLENDED_SHADOWS UNITY_PBS_USE_BRDF1 UNITY_SPECCUBE_BOX_PROJECTION UNITY_SPECCUBE_BLENDING UNITY_ENABLE_DETAIL_NORMALMAP SHADER_API_DESKTOP UNITY_LIGHT_PROBE_PROXY_VOLUME UNITY_LIGHTMAP_FULL_HDR ok=1
