
=== Thu Jan  9 18:46:16 2020

Packages were changed.
Update Mode: mergeDefaultDependencies

The following packages were added:
  com.unity.package-manager-ui@2.2.0
  com.unity.ext.nunit@1.0.0
  com.unity.test-framework@1.0.13
  com.unity.ide.vscode@1.1.3
  com.unity.ide.rider@1.1.0
  com.unity.ugui@1.0.0
  com.unity.modules.androidjni@1.0.0

=== Sun Jan 19 22:41:49 2020

Packages were changed.
Update Mode: updateDependencies

The following packages were updated:
  com.unity.ide.rider from version 1.1.0 to 1.1.4
  com.unity.probuilder from version 4.0.5 to 4.1.2
  com.unity.render-pipelines.high-definition from version 6.9.0-preview to 7.1.7
  com.unity.test-framework from version 1.0.13 to 1.1.9
  com.unity.timeline from version 1.1.0 to 1.2.9
The following packages were removed:
  com.unity.package-manager-ui@2.2.0

=== Tue Mar 31 14:09:37 2020

Packages were changed.
Update Mode: updateDependencies

The following packages were added:
  com.unity.ide.visualstudio@2.0.0
The following packages were updated:
  com.unity.collab-proxy from version 1.2.16 to 1.3.7
  com.unity.ide.rider from version 1.1.4 to 1.2.1
  com.unity.ide.vscode from version 1.1.3 to 1.1.4
  com.unity.postprocessing from version 2.2.2 to 2.3.0
  com.unity.render-pipelines.high-definition from version 7.1.8 to 8.0.1
  com.unity.render-pipelines.high-definition-config from version 7.1.8 to 8.0.1
  com.unity.test-framework from version 1.1.9 to 1.1.11
  com.unity.textmeshpro from version 2.0.1 to 3.0.0-preview.1

=== Fri Apr 10 18:15:35 2020

Packages were changed.
Update Mode: updateDependencies

The following packages were updated:
  com.unity.test-framework from version 1.1.11 to 1.1.13
